c:\users\u0026939\source\repos\nmg\nmg\x64\debug\vc142.pdb
c:\users\u0026939\source\repos\nmg\nmg\x64\debug\vc142.idb
c:\users\u0026939\source\repos\nmg\nmg\x64\debug\nmg.obj
c:\users\u0026939\source\nmg\nmg\x64\debug\vc143.pdb
c:\users\u0026939\source\nmg\nmg\x64\debug\vc143.idb
c:\users\u0026939\source\nmg\nmg\x64\debug\nmg.obj
c:\users\u0026939\source\repos\nmg\x64\debug\nmg.exe
c:\users\u0026939\source\repos\nmg\nmg\x64\debug\nmg.ilk
c:\users\u0026939\source\repos\nmg\x64\debug\nmg.pdb
c:\users\u0026939\source\nmg\nmg\x64\debug\nmg.ilk
c:\users\u0026939\source\nmg\x64\debug\nmg.exe
c:\users\u0026939\source\nmg\x64\debug\nmg.pdb
c:\users\u0026939\source\nmg\nmg\x64\debug\vc142.idb
c:\users\u0026939\source\nmg\nmg\x64\debug\vc142.pdb
c:\users\u0026939\source\nmg\nmg\x64\debug\nmg.tlog\cl.command.1.tlog
c:\users\u0026939\source\nmg\nmg\x64\debug\nmg.tlog\cl.read.1.tlog
c:\users\u0026939\source\nmg\nmg\x64\debug\nmg.tlog\cl.write.1.tlog
c:\users\u0026939\source\nmg\nmg\x64\debug\nmg.tlog\link.command.1.tlog
c:\users\u0026939\source\nmg\nmg\x64\debug\nmg.tlog\link.read.1.tlog
c:\users\u0026939\source\nmg\nmg\x64\debug\nmg.tlog\link.write.1.tlog
