  server.cpp
C:\Users\patri\source\MultiplayerRacingGame\NMG\NMG\Car.h(39,18): warning C4244: 'initializing': conversion from 'int' to 'float', possible loss of data
C:\Users\patri\source\MultiplayerRacingGame\NMG\NMG\Car.h(40,18): warning C4244: 'initializing': conversion from 'int' to 'float', possible loss of data
C:\Users\patri\source\MultiplayerRacingGame\NMG\NMG\Car.h(42,43): warning C4244: '+=': conversion from 'double' to 'float', possible loss of data
C:\Users\patri\source\MultiplayerRacingGame\NMG\NMG\Car.h(42,72): warning C4244: '-=': conversion from 'double' to 'float', possible loss of data
C:\Users\patri\source\MultiplayerRacingGame\NMG\NMG\Car.h(48,16): warning C4244: 'argument': conversion from 'float' to 'int', possible loss of data
C:\Users\patri\source\MultiplayerRacingGame\NMG\NMG\Car.h(50,20): warning C4244: 'argument': conversion from 'float' to 'int', possible loss of data
C:\Users\patri\source\MultiplayerRacingGame\NMG\NMG\server.cpp(44,15): warning C4244: 'argument': conversion from 'time_t' to 'unsigned int', possible loss of data
C:\Users\patri\source\MultiplayerRacingGame\NMG\NMG\server.cpp(65,24): warning C4244: '=': conversion from 'int' to 'float', possible loss of data
C:\Users\patri\source\MultiplayerRacingGame\NMG\NMG\server.cpp(66,25): warning C4244: '=': conversion from 'int' to 'float', possible loss of data
C:\Users\patri\source\MultiplayerRacingGame\NMG\NMG\server.cpp(71,20): warning C4305: 'initializing': truncation from 'double' to 'float'
C:\Users\patri\source\MultiplayerRacingGame\NMG\NMG\server.cpp(71,31): warning C4305: 'initializing': truncation from 'double' to 'float'
C:\Users\patri\source\MultiplayerRacingGame\NMG\NMG\server.cpp(72,27): warning C4305: 'initializing': truncation from 'double' to 'float'
C:\Users\patri\source\MultiplayerRacingGame\NMG\NMG\server.cpp(78,21): warning C4244: 'initializing': conversion from 'clock_t' to 'float', possible loss of data
C:\Users\patri\source\MultiplayerRacingGame\NMG\NMG\server.cpp(83,25): warning C4244: '=': conversion from 'clock_t' to 'float', possible loss of data
C:\Users\patri\source\MultiplayerRacingGame\NMG\NMG\server.cpp(134,64): warning C4244: '=': conversion from 'float' to 'int', possible loss of data
C:\Users\patri\source\MultiplayerRacingGame\NMG\NMG\server.cpp(135,64): warning C4244: '=': conversion from 'float' to 'int', possible loss of data
C:\Users\patri\source\MultiplayerRacingGame\NMG\NMG\server.cpp(136,20): warning C4244: '=': conversion from 'int' to 'float', possible loss of data
C:\Users\patri\source\MultiplayerRacingGame\NMG\NMG\server.cpp(137,20): warning C4244: '=': conversion from 'int' to 'float', possible loss of data
C:\Users\patri\source\MultiplayerRacingGame\NMG\NMG\server.cpp(141,40): warning C4244: '=': conversion from 'float' to 'int', possible loss of data
C:\Users\patri\source\MultiplayerRacingGame\NMG\NMG\server.cpp(146,40): warning C4244: '=': conversion from 'float' to 'int', possible loss of data
C:\Users\patri\source\MultiplayerRacingGame\NMG\NMG\server.cpp(153,49): warning C4244: 'argument': conversion from 'double' to 'float', possible loss of data
  Generating code
  1 of 607 functions ( 0.2%) were compiled, the rest were copied from previous compilation.
    0 functions were new in current compilation
    1 functions had inline decision re-evaluated but remain unchanged
  Finished generating code
  NMG.vcxproj -> C:\Users\patri\source\MultiplayerRacingGame\NMG\x64\Release\NMG.exe
